[2024-03-08T20:28:06+0100] [PACMAN] Running 'pacman -Syu --root /home/tomas/ucrt3/svn/ucrt3/rtools/build/rtools44'
[2024-03-08T20:28:06+0100] [PACMAN] synchronizing package lists
[2024-03-08T20:28:10+0100] [PACMAN] starting core system upgrade
[2024-03-08T20:28:10+0100] [PACMAN] starting full system upgrade
[2024-03-08T20:28:12+0100] [PACMAN] Running 'pacman -Sy --noconfirm --root /home/tomas/ucrt3/svn/ucrt3/rtools/build/rtools44 filesystem msys2-runtime'
[2024-03-08T20:28:12+0100] [PACMAN] synchronizing package lists
[2024-03-08T20:28:15+0100] [ALPM] transaction started
[2024-03-08T20:28:16+0100] [ALPM] installed filesystem (2023.02.07-1)
[2024-03-08T20:28:16+0100] [ALPM] installed msys2-runtime (3.4.10-5)
[2024-03-08T20:28:16+0100] [ALPM] transaction completed
[2024-03-08T20:28:18+0100] [PACMAN] Running 'pacman -Sy --noconfirm --root /home/tomas/ucrt3/svn/ucrt3/rtools/build/rtools44 msys2-runtime rsync winpty file bsdtar findutils libxml2 libexpat mintty msys2-launcher pacman curl make tar texinfo texinfo-tex patch diffutils gawk grep rebase zip unzip gzip'
[2024-03-08T20:28:18+0100] [PACMAN] synchronizing package lists
[2024-03-08T20:28:54+0100] [ALPM] transaction started
[2024-03-08T20:28:55+0100] [ALPM] reinstalled msys2-runtime (3.4.10-5)
[2024-03-08T20:28:55+0100] [ALPM] installed gcc-libs (13.2.0-2)
[2024-03-08T20:28:55+0100] [ALPM] installed libdb (5.3.28-5)
[2024-03-08T20:28:55+0100] [ALPM] installed db (5.3.28-5)
[2024-03-08T20:29:10+0100] [ALPM] installed ncurses (6.4-2)
[2024-03-08T20:29:10+0100] [ALPM] installed libreadline (8.2.010-1)
[2024-03-08T20:29:10+0100] [ALPM] installed libintl (0.22.4-1)
[2024-03-08T20:29:10+0100] [ALPM] installed libiconv (1.17-1)
[2024-03-08T20:29:10+0100] [ALPM] installed libgdbm (1.23-1)
[2024-03-08T20:29:10+0100] [ALPM] installed gdbm (1.23-1)
[2024-03-08T20:29:10+0100] [ALPM] installed libxcrypt (4.4.36-1)
[2024-03-08T20:29:10+0100] [ALPM] installed gmp (6.3.0-1)
[2024-03-08T20:29:11+0100] [ALPM] installed coreutils (8.32-5)
[2024-03-08T20:29:11+0100] [ALPM] installed bash (5.2.026-1)
[2024-03-08T20:29:16+0100] [ALPM] installed perl (5.38.2-1)
[2024-03-08T20:29:16+0100] [ALPM] installed liblz4 (1.9.4-1)
[2024-03-08T20:29:16+0100] [ALPM] installed libopenssl (3.2.1-1)
[2024-03-08T20:29:16+0100] [ALPM] installed libxxhash (0.8.2-1)
[2024-03-08T20:29:16+0100] [ALPM] installed libzstd (1.5.5-1)
[2024-03-08T20:29:16+0100] [ALPM] installed rsync (3.2.7-2)
[2024-03-08T20:29:16+0100] [ALPM] installed winpty (0.4.3-2)
[2024-03-08T20:29:16+0100] [ALPM] installed zlib (1.3.1-1)
[2024-03-08T20:29:16+0100] [ALPM] installed libbz2 (1.0.8-4)
[2024-03-08T20:29:16+0100] [ALPM] installed liblzma (5.6.0-1)
[2024-03-08T20:29:16+0100] [ALPM] installed file (5.45-1)
[2024-03-08T20:29:16+0100] [ALPM] installed libexpat (2.6.1-1)
[2024-03-08T20:29:16+0100] [ALPM] installed bsdtar (3.7.2-1)
[2024-03-08T20:29:16+0100] [ALPM] installed findutils (4.9.0-3)
[2024-03-08T20:29:16+0100] [ALPM] installed libxml2 (2.12.5-1)
[2024-03-08T20:29:17+0100] [ALPM] installed mintty (1~3.7.1-1)
[2024-03-08T20:29:17+0100] [ALPM] installed msys2-launcher (1.5-1)
[2024-03-08T20:29:17+0100] [ALPM] installed libgettextpo (0.22.4-1)
[2024-03-08T20:29:17+0100] [ALPM] installed libasprintf (0.22.4-1)
[2024-03-08T20:29:17+0100] [ALPM] installed gettext (0.22.4-1)
[2024-03-08T20:29:17+0100] [ALPM] installed bzip2 (1.0.8-4)
[2024-03-08T20:29:18+0100] [ALPM] installed libgpg-error (1.48-1)
[2024-03-08T20:29:18+0100] [ALPM] installed libassuan (2.5.6-1)
[2024-03-08T20:29:18+0100] [ALPM] installed brotli (1.1.0-1)
[2024-03-08T20:29:18+0100] [ALPM] installed openssl (3.2.1-1)
[2024-03-08T20:29:18+0100] [ALPM] installed sed (4.9-1)
[2024-03-08T20:29:18+0100] [ALPM] installed libffi (3.4.6-1)
[2024-03-08T20:29:18+0100] [ALPM] installed libpcre2_8 (10.43-1)
[2024-03-08T20:29:18+0100] [ALPM] installed less (643-1)
[2024-03-08T20:29:18+0100] [ALPM] installed gzip (1.13-1)
[2024-03-08T20:29:18+0100] [ALPM] installed info (7.1-2)
[2024-03-08T20:29:18+0100] [ALPM] installed libtasn1 (4.19.0-1)
[2024-03-08T20:29:18+0100] [ALPM] installed libp11-kit (0.25.3-1)
[2024-03-08T20:29:19+0100] [ALPM] installed p11-kit (0.25.3-1)
[2024-03-08T20:29:19+0100] [ALPM] installed ca-certificates (20240203-1)
[2024-03-08T20:29:20+0100] [ALPM] installed libedit (20221030_3.1-1)
[2024-03-08T20:29:20+0100] [ALPM] installed libsqlite (3.45.1-1)
[2024-03-08T20:29:20+0100] [ALPM] installed heimdal-libs (7.8.0-4)
[2024-03-08T20:29:20+0100] [ALPM] installed libunistring (1.1-2)
[2024-03-08T20:29:20+0100] [ALPM] installed libidn2 (2.3.7-1)
[2024-03-08T20:29:20+0100] [ALPM] installed libnghttp2 (1.60.0-1)
[2024-03-08T20:29:20+0100] [ALPM] installed libpsl (0.21.5-2)
[2024-03-08T20:29:21+0100] [ALPM] installed libssh2 (1.11.0-1)
[2024-03-08T20:29:21+0100] [ALPM] installed libcurl (8.6.0-1)
[2024-03-08T20:29:21+0100] [ALPM] installed libgcrypt (1.10.3-1)
[2024-03-08T20:29:21+0100] [ALPM] installed libhogweed (3.9.1-1)
[2024-03-08T20:29:21+0100] [ALPM] installed libnettle (3.9.1-1)
[2024-03-08T20:29:21+0100] [ALPM] installed libgnutls (3.8.3-1)
[2024-03-08T20:29:21+0100] [ALPM] installed libksba (1.6.6-1)
[2024-03-08T20:29:21+0100] [ALPM] installed libnpth (1.7-1)
[2024-03-08T20:29:21+0100] [ALPM] installed nettle (3.9.1-1)
[2024-03-08T20:29:21+0100] [ALPM] installed pinentry (1.2.1-1)
[2024-03-08T20:29:21+0100] [ALPM] installed gnupg (2.4.4-1)
[2024-03-08T20:29:22+0100] [ALPM] installed curl (8.6.0-1)
[2024-03-08T20:29:23+0100] [ALPM] installed pacman-mirrors (20240210-1)
[2024-03-08T20:29:23+0100] [ALPM] installed msys2-keyring (1~20231013-1)
[2024-03-08T20:29:23+0100] [ALPM] installed which (2.21-4)
[2024-03-08T20:29:23+0100] [ALPM] installed xz (5.6.0-1)
[2024-03-08T20:29:23+0100] [ALPM] installed zstd (1.5.5-1)
[2024-03-08T20:29:24+0100] [ALPM] installed pacman (6.0.2-13)
[2024-03-08T20:29:24+0100] [ALPM] installed make (4.4.1-1)
[2024-03-08T20:29:25+0100] [ALPM] installed tar (1.35-2)
[2024-03-08T20:29:26+0100] [ALPM] installed texinfo (7.1-2)
[2024-03-08T20:29:26+0100] [ALPM] installed mpfr (4.2.1-1)
[2024-03-08T20:29:26+0100] [ALPM] installed gawk (5.3.0-1)
[2024-03-08T20:29:26+0100] [ALPM] installed texinfo-tex (7.1-2)
[2024-03-08T20:29:26+0100] [ALPM] installed patch (2.7.6-2)
[2024-03-08T20:29:26+0100] [ALPM] installed diffutils (3.10-1)
[2024-03-08T20:29:27+0100] [ALPM] installed libpcre (8.45-4)
[2024-03-08T20:29:27+0100] [ALPM] installed grep (1~3.0-6)
[2024-03-08T20:29:27+0100] [ALPM] installed dash (0.5.12-1)
[2024-03-08T20:29:27+0100] [ALPM] installed rebase (4.5.0-4)
[2024-03-08T20:29:27+0100] [ALPM] installed zip (3.0-4)
[2024-03-08T20:29:27+0100] [ALPM] installed unzip (6.0-3)
[2024-03-08T20:29:27+0100] [ALPM] transaction completed
[2024-03-08T20:29:27+0100] [ALPM] running 'texinfo-install.hook'...
